[debug] [2026-03-06T17:18:04.791Z] ----------------------------------------------------------------------
[debug] [2026-03-06T17:18:04.793Z] Command:       /opt/homebrew/Cellar/node/25.7.0/bin/node /opt/homebrew/bin/firebase init
[debug] [2026-03-06T17:18:04.793Z] CLI Version:   15.9.0
[debug] [2026-03-06T17:18:04.793Z] Platform:      darwin
[debug] [2026-03-06T17:18:04.793Z] Node Version:  v25.7.0
[debug] [2026-03-06T17:18:04.793Z] Time:          Fri Mar 06 2026 18:18:04 GMT+0100 (heure normale d’Europe centrale)
[debug] [2026-03-06T17:18:04.793Z] ----------------------------------------------------------------------
[debug] 
[info] 
     ######## #### ########  ######## ########     ###     ######  ########
     ##        ##  ##     ## ##       ##     ##  ##   ##  ##       ##
     ######    ##  ########  ######   ########  #########  ######  ######
     ##        ##  ##    ##  ##       ##     ## ##     ##       ## ##
     ##       #### ##     ## ######## ########  ##     ##  ######  ########

You're about to initialize a Firebase project in this directory:

  /Users/pjacob/Amadeus/sporteasy

Before we get started, keep in mind:

  * You are initializing within an existing Firebase project directory

[info] 
=== Project Setup
[info] 
[info] First, let's associate this project directory with a Firebase project.
[info] You can create multiple project aliases by running firebase use --add, 
[info] 
[debug] [2026-03-06T17:18:07.888Z] > command requires scopes: ["email","openid","https://www.googleapis.com/auth/cloudplatformprojects.readonly","https://www.googleapis.com/auth/firebase","https://www.googleapis.com/auth/cloud-platform"]
[debug] [2026-03-06T17:18:07.889Z] > authorizing via signed-in user (pcharlesjacob@gmail.com)
[debug] [2026-03-06T17:18:07.889Z] Checked if tokens are valid: true, expires at: 1772820528057
[debug] [2026-03-06T17:18:07.889Z] Checked if tokens are valid: true, expires at: 1772820528057
[debug] [2026-03-06T17:18:07.890Z] >>> [apiv2][query] GET https://firebase.googleapis.com/v1beta1/projects/aaa-belair [none]
[debug] [2026-03-06T17:18:08.236Z] <<< [apiv2][status] GET https://firebase.googleapis.com/v1beta1/projects/aaa-belair 200
[debug] [2026-03-06T17:18:08.236Z] <<< [apiv2][body] GET https://firebase.googleapis.com/v1beta1/projects/aaa-belair {"projectId":"aaa-belair","projectNumber":"749161292260","displayName":"AAA-BelAir","name":"projects/aaa-belair","resources":{"hostingSite":"aaa-belair"},"state":"ACTIVE","etag":"1_e0301f25-7777-4435-bab0-c3a8af4cdced"}
[info] i  Using project aaa-belair (AAA-BelAir) . 
[info] 
=== Hosting Setup
[debug] [2026-03-06T17:18:08.244Z] Checked if tokens are valid: true, expires at: 1772820528057
[debug] [2026-03-06T17:18:08.244Z] Checked if tokens are valid: true, expires at: 1772820528057
[debug] [2026-03-06T17:18:08.244Z] >>> [apiv2][query] GET https://firebase.googleapis.com/v1beta1/projects/aaa-belair [none]
[debug] [2026-03-06T17:18:08.568Z] <<< [apiv2][status] GET https://firebase.googleapis.com/v1beta1/projects/aaa-belair 200
[debug] [2026-03-06T17:18:08.568Z] <<< [apiv2][body] GET https://firebase.googleapis.com/v1beta1/projects/aaa-belair {"projectId":"aaa-belair","projectNumber":"749161292260","displayName":"AAA-BelAir","name":"projects/aaa-belair","resources":{"hostingSite":"aaa-belair"},"state":"ACTIVE","etag":"1_e0301f25-7777-4435-bab0-c3a8af4cdced"}
[info] 
[info] Your public directory is the folder (relative to your project directory) that
[info] will contain Hosting assets to be uploaded with firebase deploy. If you
[info] have a build process for your assets, use your build's output directory.
[info] 
[debug] [2026-03-06T17:18:29.906Z] ExitPromptError: User force closed the prompt with SIGINT
    at Interface.sigint (/opt/homebrew/lib/node_modules/firebase-tools/node_modules/@inquirer/core/dist/commonjs/lib/create-prompt.js:101:37)
    at Interface.emit (node:events:508:20)
    at [_ttyWrite] [as _ttyWrite] (node:internal/readline/interface:1327:18)
    at ReadStream.onkeypress (node:internal/readline/interface:284:20)
    at ReadStream.emit (node:events:520:22)
    at emitKeys (node:internal/readline/utils:371:14)
    at emitKeys.next (<anonymous>)
    at ReadStream.onData (node:internal/readline/emitKeypressEvents:64:36)
    at ReadStream.emit (node:events:508:20)
    at addChunk (node:internal/streams/readable:564:12)
[error] 
[error] Error: An unexpected error has occurred.
